2025-12-12 09:15:35,492 - INFO - [GAME START] UserID: 313882690501869568, Character: 新しいキャラシ, World: fantasy_world
2025-12-12 09:16:34,736 - INFO - [TURN 1] UserID: 313882690501869568, Input: '持ち物を確認する', Narrative: '新しいキャラシは腰に手を当て、自分の装備を確認した。ロングソードは研ぎ澄まされており、鎖帷子は丈夫に見える。HPはまだ満タンだが、戦いが終わったら水筒で水分を補給した方がいいかもしれない。さて、準備は...'
2025-12-12 09:17:02,469 - INFO - [TURN 2] UserID: 313882690501869568, Input: '村長に追加で質問する', Narrative: 'キャラシは少し考え込んだが、やがて村長にこう言った。「ご主人様、竜の巣は具体的にどこにあるのですか？また、竜を倒すにはどんな方法が考えられますか？」村長は眉をひそめ、警戒した表情で答えた。「聖騎士よ、...'
2025-12-12 09:17:58,132 - INFO - [TURN 3] UserID: 313882690501869568, Input: 'では自分で調べます。', Narrative: 'キャラシは村長に背を向けて、少し迷ったが、やがて自分の剣を握りしめ、決意を固めた。村長が言ったように若すぎるかもしれないが、好奇心を抑えきれず、前に進むことを選んだ。村長は失望したようにため息をついて...'
2025-12-12 09:18:34,738 - INFO - [TURN 4] UserID: 313882690501869568, Input: 'そのまま前に進む', Narrative: 'キャラシは村を後にし、山道へと足を踏みしめた。道は荒れており、いくつかの部分は崩れ落ちていた。ふと、遠くの山々が見渡せるが、霧が立ち込めていて、前をよく見えない。しばらく歩くと、道の途中で奇妙な感覚を...'
2025-12-12 09:19:09,958 - INFO - [TURN 5] UserID: 313882690501869568, Input: '人影に近づく', Narrative: 'キャラシは慎重に数人の人影に近づき、その人影は不気味な衣と異様な表情をしていた。彼らは皆、一様にキャラシを見つめ、無表情だった。やがて一人の人がゆっくりと前に出て、低く奇妙な言葉を話し始めた。'
2025-12-12 09:38:26,067 - INFO - [GAME START] UserID: 313882690501869568, Character: 新しいキャラシ, World: fantasy_world
2025-12-12 09:39:25,215 - INFO - [TURN 1] UserID: 313882690501869568, Input: '年長者に話しかけ、情報を聞く', Narrative: '村の年長者が、ぼんやりとした目で見つめながら言った。「ああ、あなたか。遠くからやってきた旅人よ、好奇心の強い奴だな。」少し間を置いて、彼は口調を和らげて、"あの山々の巨人について話そうか？それは......'
2025-12-12 09:40:29,662 - INFO - [TURN 2] UserID: 313882690501869568, Input: '「もちろんです！！だって大きな人なんでしょ？とてもロマンがあっていいじゃないですか！」', Narrative: '長老はため息をつくと、顔に誇張した笑みを浮かべて言った。「あらまあ、若者はいつも純粋だね。確かに立派な巨人だけど、彼らは…咳咳…ちょっとしたお茶わん蒸しをよくするんだよ。でも、君のような勇敢な聖騎士な...'
2025-12-12 09:41:01,843 - INFO - [TURN 3] UserID: 313882690501869568, Input: '山に登る準備をする', Narrative: '半人種の聖騎士は腰を落ち着け、剣の柄を握りしめると、自信満々に言った。「さあ、村の勇ましい男として、誰よりも先に山を登るぞ！」言い終えると、彼は腰に手を当てて装備の選択を確認した。突然、村長の声が遠く...'
2025-12-12 10:05:38,947 - INFO - [GAME START] UserID: 313882690501869568, Character: 新しいキャラシ, World: fantasy_world
2025-12-12 10:06:54,317 - INFO - [TURN 1] UserID: 313882690501869568, Input: '周囲を見渡す', Narrative: '村を後にし、君は村の外の丘陵地帯を探索している。目の前に広がる風景は、村長が渡した地図の方向を示している。遠くには森が、そして地図には古代の文字が刻まれた岩の断片がいくつか見える。'
2025-12-12 10:07:16,441 - INFO - [TURN 2] UserID: 313882690501869568, Input: '近くの岩の断片を調べる', Narrative: '「周囲を見渡す」という行動を取った。村を後にし、君は村の外の丘陵地帯を探索している。目の前に広がる風景は、村長が渡した地図の方向を示している。遠くには森が、そして地図には古代の文字が刻まれた岩の断片が...'
2025-12-12 10:07:49,821 - INFO - [TURN 3] UserID: 313882690501869568, Input: '古びた岩の断片を調べる', Narrative: '「古びた岩の断片を調べる」という行動を取った。断片の表面には古代の文字が刻まれていて、年代はかなり古いと分かる。しかし、これらの文字は非常に複雑で、読むのが難しい。君は集中して目を凝らし、断片の古びた...'
2025-12-12 10:10:52,459 - INFO - [TURN 4] UserID: 313882690501869568, Input: '他の断片を探してみる', Narrative: 'プレイヤーは、別の岩の断片を調べる行動を取った。その断片には古代の文字が刻まれていて、年代はかなり古いと分かる。しかし、これらの文字は非常に複雑で、読むのが難しい。プレイヤーは他の断片を探していたが、...'
2025-12-12 10:11:47,497 - INFO - [TURN 5] UserID: 313882690501869568, Input: 'この断片を詳しく見る', Narrative: '「この断片を詳しく見る」という行動を取った。断片の表面にはさらに詳しく観察できるが、古代の文字の一部が徐々に鮮明になってきた。君は聖騎士として、古代の文字解読に少し慣れているかもしれない。'
2025-12-12 10:14:01,918 - INFO - [TURN 6] UserID: 313882690501869568, Input: '古代の文字解読に挑戦する', Narrative: 'プレイヤーが古代の文字解読に挑戦した。少し自信があり、聖騎士としての訓練が役に立つかもしれない。古代の文字は確かに複雑だが、プレイヤーの集中力と知識があれば、突破口を見つけることができるかもしれない。...'
2025-12-12 10:16:07,141 - INFO - [TURN 7] UserID: 313882690501869568, Input: '戻る', Narrative: '「戻る」という選択肢を選んだ。プレイヤーは古代の文字解読から離れ、周囲を見渡すことに戻った。地図の方向にある古代の文字が刻まれた岩の断片は変わらず存在 nú。村長が渡した地図を見て、古代の文字が何かを...'
2025-12-12 10:16:29,768 - INFO - [TURN 8] UserID: 313882690501869568, Input: '地図を見る', Narrative: 'プレイヤーは地図を見て、その地図には古代の文字が刻まれていることに気づいた。これによって、先ほど見つけた岩の断片との関連性が深まったかもしれない。'
2025-12-12 10:17:14,890 - INFO - [TURN 9] UserID: 313882690501869568, Input: '古代の文字解読を続ける', Narrative: 'N/A'
2025-12-12 10:18:49,318 - INFO - [TURN 10] UserID: 313882690501869568, Input: '別の断片を調べる', Narrative: 'プレイヤーは別の断片を調べたが、その断片にはさらに複雑な古代の文字が刻まれていた뼐に。文字は前の断片とは異なり、読むのがより困難で、プレイヤーは集中して目の前にある文字を解読しようとし、頭をひねる。'
2025-12-12 10:21:37,876 - INFO - [TURN 11] UserID: 313882690501869568, Input: '一度村に戻り、こういった文字を解読するための情報を集める', Narrative: 'その決断は賢明だ。村に戻り、より良い情報が手に入るかもしれない。村長は村で唯一経験豊富な人物であり、古代の文字についても詳しいと聞いている。他の住民も何か手がかりを伝えてくれるかもしれない。まずは村長...'
2025-12-12 10:22:24,399 - INFO - [TURN 12] UserID: 313882690501869568, Input: '酒屋で休憩する', Narrative: 'プレイヤーは酒屋に入って、少し休憩を取った。店長を含むいくつかの村人が「あの古代の文字はかなり複雑だ」と話し始め、また一人が付け加えた。「あの断片は神聖な祈りの残骸だ。古代の聖騎士たちが刻んだものだと...'
2025-12-12 10:32:00,465 - INFO - [GAME START] UserID: 313882690501869568, Character: 新しいキャラシ, World: fantasy_world
2025-12-12 10:32:57,949 - INFO - [TURN 1] UserID: 313882690501869568, Input: '周囲を見渡す', Narrative: '村の外れにある簡素な木造の建物の前で、警備に当たる兵士がいる。建物の周りには武器や防具が干され、聖騎士団の訓練場らしきものも見える。しばらくすると、村長がそちらに歩み寄ってきた。彼は新しい聖騎士を探し...'
2025-12-12 10:34:08,358 - INFO - [TURN 2] UserID: 313882690501869568, Input: '発言: 「任務って何ですか？」', Narrative: '村長はあなたの質問に優しく微笑みながら答えた。「任務とは、竜王を倒して村を守ることだ。」「君の武器や防具は聖騎士団に任せて、村長と共に古代遺跡へ向かおう。そこには竜王に立ち向かう手がかりがあるはずだ。...'
2025-12-12 10:34:49,911 - INFO - [TURN 3] UserID: 313882690501869568, Input: '手がかりについて尋ねる', Narrative: '村長は少し神秘的な表情を浮かべながら言った。「伝説によると、竜王を倒す鍵は、古代の竜を倒した勇者の剣と被甲だ。この聖剣と被甲は、古代遺跡の中でずっと眠っている。もしかすると、君はそれらの片鱗を得られる...'
2025-12-12 21:21:30,988 - INFO - [GAME START] UserID: 640956464965484556, Character: ちえふ, World: fantasy_world
2025-12-12 21:25:12,767 - INFO - [TURN 1] UserID: 640956464965484556, Input: '村長に話を聞く', Narrative: '村長は真剣な表情で近づいてきた。「若者よ、お前が剣を手にしているのを見ると、村人たちのことを思い出す。魔獣に対抗するために必要なのは勇気と実力だ。山の魔獣首領、ドラゴンの若龍を倒すのが第一の目標だ。」...'
2025-12-12 21:25:56,720 - INFO - [TURN 2] UserID: 640956464965484556, Input: 'ドラゴンの若龍の情報を見る', Narrative: 'プレイヤーが古い書類をめくり始めた時、突然村全体に警鐘が鳴り響いた。村長は慌ててプレイヤーに言った。「何を読んでいるんだ？！村の北の竜巻が暴風に襲われている！すぐに助けに行かなくては！」'
2025-12-12 21:26:48,409 - INFO - [TURN 3] UserID: 640956464965484556, Input: '村長に何か助けてほしいと頼む', Narrative: '村長は嬉しそうに武器と防具をプレイヤーに渡した。「これは村全体を守ってくれる大事な人物だ。何とかお手伝いしたい。」また、村の鍛冶屋に「グリーン」というNPCも紹介した。「武器の修理や強化は、グリーンに...'
2025-12-12 21:27:37,339 - INFO - [TURN 4] UserID: 640956464965484556, Input: '武器を受け取る', Narrative: 'プレイヤーは村長から剣と木の盾を受け取った。その剣は錆びて錆びていて、盾は粗末で、相変わらず貧しい装備だが、少なくとも戦うための準備が整った。これで村を守る決意を固めたかのように、プレイヤーは武器を手...'
2025-12-12 21:28:13,492 - INFO - [TURN 5] UserID: 640956464965484556, Input: 'グリーンに武器を修理させる', Narrative: 'プレイヤーがグリーンの鍛冶屋に武器を修理しに言った。鍛冶屋は素朴な手つきで武器を叩きながら、話し始めた。「さあ、君の武器を修理しよう。これで武器は錆びずに長持ちするだろう。」修理された剣は光り輝き、盾...'
2025-12-12 21:29:28,060 - INFO - [TURN 6] UserID: 640956464965484556, Input: '戦闘に挑む', Narrative: '村の北の竜巻暴風が突然激しくなり、ドラゴンの若龍が現れた。熱い息を浴びせられ、プレイヤーは武器を掲げて戦いに挑む。'
2025-12-12 21:30:25,199 - INFO - [TURN 7] UserID: 640956464965484556, Input: '剣で攻撃', Narrative: 'ドラゴンの若龍は火の玉を放ち、一筋の熱風がプレイヤーの体にまとわりつき、肌を炙るような痛みを感じた。しかし、プレイヤーは一瞬の痛みをこらえ、剣を全力で振るい、クリ:N:攻撃！'
2025-12-12 21:36:24,554 - INFO - [TURN 8] UserID: 640956464965484556, Input: '魔法で攻撃する', Narrative: 'ドラゴンの若龍は戦士が魔法を使うことに驚いたが、すぐに挑戦を歓迎した。ドラゴンの若龍は空を舞い上がり、一筋の熱い龍炎を放った。'
2025-12-12 21:36:31,079 - INFO - [TURN 9] UserID: 640956464965484556, Input: '魔法で攻撃する', Narrative: '魔法で攻撃しようとしたが、君の戦士クラスのキャラクターは魔法のスキルを持っておらず、失敗に終わった。その隙に、ドラゴンの若竜が猛攻を仕掛け、君は重傷を負った！'
2025-12-12 21:39:09,180 - INFO - [TURN 10] UserID: 640956464965484556, Input: '盾で防ぐ', Narrative: 'ドラゴンの若龍が一筋の炎を放ってきた。君は素早く盾を掲げ、炎の衝撃を防ぐことに成功した。しかし、炎の一部が盾に当たって焦げ跡が残り、君自身にもかすかな火傷を与えている。'
2025-12-12 21:43:46,160 - INFO - [TURN 11] UserID: 640956464965484556, Input: '剣で攻撃', Narrative: 'N/A'
